# This is the CMakeCache file.
# For build in directory: /builds/gfaym/dirac/build-openmpi64-opt
# It was generated by CMake: /opt/venv/lib/python3.12/site-packages/cmake/data/bin/cmake
# You can edit this file to change values found and used by cmake.
# If you do not want to change any of the values, simply exit the editor.
# If you do want to change a value, simply edit, save, and exit the editor.
# The syntax for the file is as follows:
# KEY:TYPE=VALUE
# KEY is the name of a variable in the cache.
# TYPE is a hint to GUIs for the type of VALUE, DO NOT EDIT TYPE!.
# VALUE is the current value for the KEY.

########################
# EXTERNAL cache entries
########################

//BLAS found
BLAS_FOUND:BOOL=

//No help, variable specified on the command line.
BLAS_LANG:UNINITIALIZED=Fortran

//Name of build on the dashboard
BUILDNAME:STRING=Linux-x86_64-GNU--release

//Build the testing tree.
BUILD_TESTING:BOOL=ON

//Path to a program.
CMAKE_ADDR2LINE:FILEPATH=/usr/bin/addr2line

//Path to a program.
CMAKE_AR:FILEPATH=/usr/bin/ar

//Choose the type of build, options are: None Debug Release RelWithDebInfo
// MinSizeRel ...
CMAKE_BUILD_TYPE:STRING=release

//Enable/Disable color output during build.
CMAKE_COLOR_MAKEFILE:BOOL=ON

//CXX compiler
CMAKE_CXX_COMPILER:STRING=/openmpi64-long/bin/mpicxx

//A wrapper around 'ar' adding the appropriate '--plugin' option
// for the GCC compiler
CMAKE_CXX_COMPILER_AR:FILEPATH=/usr/bin/gcc-ar-13

//A wrapper around 'ranlib' adding the appropriate '--plugin' option
// for the GCC compiler
CMAKE_CXX_COMPILER_RANLIB:FILEPATH=/usr/bin/gcc-ranlib-13

//Flags used by the compiler during all builds.
CMAKE_CXX_FLAGS:STRING= -O3 -march=native -g -Wall -Wno-unknown-pragmas -Wno-sign-compare -Woverloaded-virtual -Wwrite-strings -Wno-unused  -fopenmp -fno-lto

//Flags used by the compiler during debug builds.
CMAKE_CXX_FLAGS_DEBUG:STRING=-O0 -DDEBUG

//Flags used by the CXX compiler during MINSIZEREL builds.
CMAKE_CXX_FLAGS_MINSIZEREL:STRING=-Os -DNDEBUG

//Flags used by the compiler during release builds.
CMAKE_CXX_FLAGS_RELEASE:STRING=-Ofast -march=native -DNDEBUG -Wno-unused

//Flags used by the CXX compiler during RELWITHDEBINFO builds.
CMAKE_CXX_FLAGS_RELWITHDEBINFO:STRING=-O2 -g -DNDEBUG

//C compiler
CMAKE_C_COMPILER:STRING=/openmpi64-long/bin/mpicc

//A wrapper around 'ar' adding the appropriate '--plugin' option
// for the GCC compiler
CMAKE_C_COMPILER_AR:FILEPATH=/usr/bin/gcc-ar-13

//A wrapper around 'ranlib' adding the appropriate '--plugin' option
// for the GCC compiler
CMAKE_C_COMPILER_RANLIB:FILEPATH=/usr/bin/gcc-ranlib-13

//Flags used by the compiler during all builds.
CMAKE_C_FLAGS:STRING= -O3 -march=native -g  -fopenmp -fno-lto

//Flags used by the compiler during debug builds.
CMAKE_C_FLAGS_DEBUG:STRING=-O0

//Flags used by the C compiler during MINSIZEREL builds.
CMAKE_C_FLAGS_MINSIZEREL:STRING=-Os -DNDEBUG

//Flags used by the compiler during release builds.
CMAKE_C_FLAGS_RELEASE:STRING=-O2 -Wno-unused

//Flags used by the C compiler during RELWITHDEBINFO builds.
CMAKE_C_FLAGS_RELWITHDEBINFO:STRING=-O2 -g -DNDEBUG

//Path to a program.
CMAKE_DLLTOOL:FILEPATH=CMAKE_DLLTOOL-NOTFOUND

//Flags used by the linker during all build types.
CMAKE_EXE_LINKER_FLAGS:STRING=

//Flags used by the linker during DEBUG builds.
CMAKE_EXE_LINKER_FLAGS_DEBUG:STRING=

//Flags used by the linker during MINSIZEREL builds.
CMAKE_EXE_LINKER_FLAGS_MINSIZEREL:STRING=

//Flags used by the linker during RELEASE builds.
CMAKE_EXE_LINKER_FLAGS_RELEASE:STRING=

//Flags used by the linker during RELWITHDEBINFO builds.
CMAKE_EXE_LINKER_FLAGS_RELWITHDEBINFO:STRING=

//Enable/Disable output of compile commands during generation.
CMAKE_EXPORT_COMPILE_COMMANDS:BOOL=

//Value Computed by CMake.
CMAKE_FIND_PACKAGE_REDIRECTS_DIR:STATIC=/builds/gfaym/dirac/build-openmpi64-opt/CMakeFiles/pkgRedirects

//Fortran compiler
CMAKE_Fortran_COMPILER:STRING=/openmpi64-long/bin/mpif90

//A wrapper around 'ar' adding the appropriate '--plugin' option
// for the GCC compiler
CMAKE_Fortran_COMPILER_AR:FILEPATH=/usr/bin/gcc-ar-13

//A wrapper around 'ranlib' adding the appropriate '--plugin' option
// for the GCC compiler
CMAKE_Fortran_COMPILER_RANLIB:FILEPATH=/usr/bin/gcc-ranlib-13

//Flags used by the compiler during all builds.
CMAKE_Fortran_FLAGS:STRING= -O3 -march=native -g -fcray-pointer -fbacktrace -fno-range-check -DVAR_GFORTRAN -DVAR_MFDS -fallow-argument-mismatch  -fopenmp -fdefault-integer-8 -fno-lto

//Flags used by the compiler during debug builds.
CMAKE_Fortran_FLAGS_DEBUG:STRING= -O3 -march=native -g -fcray-pointer -fbacktrace -fno-range-check -DVAR_GFORTRAN -DVAR_MFDS -fallow-argument-mismatch -O0 -fbounds-check -finit-real=nan -finit-integer=-9999  -finit-logical=true  -Wall

//Flags used by the Fortran compiler during MINSIZEREL builds.
CMAKE_Fortran_FLAGS_MINSIZEREL:STRING=-Os

//Flags used by the compiler during release builds.
CMAKE_Fortran_FLAGS_RELEASE:STRING=-O3 -funroll-all-loops -w

//Flags used by the Fortran compiler during RELWITHDEBINFO builds.
CMAKE_Fortran_FLAGS_RELWITHDEBINFO:STRING=-O2 -g

//Install path prefix, prepended onto install directories.
CMAKE_INSTALL_PREFIX:PATH=/usr/local

//Path to a program.
CMAKE_LINKER:FILEPATH=/usr/bin/ld

//Path to a program.
CMAKE_MAKE_PROGRAM:FILEPATH=/usr/bin/gmake

//Flags used by the linker during the creation of modules during
// all build types.
CMAKE_MODULE_LINKER_FLAGS:STRING=

//Flags used by the linker during the creation of modules during
// DEBUG builds.
CMAKE_MODULE_LINKER_FLAGS_DEBUG:STRING=

//Flags used by the linker during the creation of modules during
// MINSIZEREL builds.
CMAKE_MODULE_LINKER_FLAGS_MINSIZEREL:STRING=

//Flags used by the linker during the creation of modules during
// RELEASE builds.
CMAKE_MODULE_LINKER_FLAGS_RELEASE:STRING=

//Flags used by the linker during the creation of modules during
// RELWITHDEBINFO builds.
CMAKE_MODULE_LINKER_FLAGS_RELWITHDEBINFO:STRING=

//Path to a program.
CMAKE_NM:FILEPATH=/usr/bin/nm

//Path to a program.
CMAKE_OBJCOPY:FILEPATH=/usr/bin/objcopy

//Path to a program.
CMAKE_OBJDUMP:FILEPATH=/usr/bin/objdump

//Value Computed by CMake
CMAKE_PROJECT_COMPAT_VERSION:STATIC=

//Value Computed by CMake
CMAKE_PROJECT_DESCRIPTION:STATIC=

//Value Computed by CMake
CMAKE_PROJECT_HOMEPAGE_URL:STATIC=

//Value Computed by CMake
CMAKE_PROJECT_NAME:STATIC=DIRAC

//Path to a program.
CMAKE_RANLIB:FILEPATH=/usr/bin/ranlib

//Path to a program.
CMAKE_READELF:FILEPATH=/usr/bin/readelf

//Flags used by the linker during the creation of shared libraries
// during all build types.
CMAKE_SHARED_LINKER_FLAGS:STRING=

//Flags used by the linker during the creation of shared libraries
// during DEBUG builds.
CMAKE_SHARED_LINKER_FLAGS_DEBUG:STRING=

//Flags used by the linker during the creation of shared libraries
// during MINSIZEREL builds.
CMAKE_SHARED_LINKER_FLAGS_MINSIZEREL:STRING=

//Flags used by the linker during the creation of shared libraries
// during RELEASE builds.
CMAKE_SHARED_LINKER_FLAGS_RELEASE:STRING=

//Flags used by the linker during the creation of shared libraries
// during RELWITHDEBINFO builds.
CMAKE_SHARED_LINKER_FLAGS_RELWITHDEBINFO:STRING=

//If set, runtime paths are not added when installing shared libraries,
// but are added when building.
CMAKE_SKIP_INSTALL_RPATH:BOOL=NO

//If set, runtime paths are not added when using shared libraries.
CMAKE_SKIP_RPATH:BOOL=NO

//Flags used by the archiver during the creation of static libraries
// during all build types.
CMAKE_STATIC_LINKER_FLAGS:STRING=

//Flags used by the archiver during the creation of static libraries
// during DEBUG builds.
CMAKE_STATIC_LINKER_FLAGS_DEBUG:STRING=

//Flags used by the archiver during the creation of static libraries
// during MINSIZEREL builds.
CMAKE_STATIC_LINKER_FLAGS_MINSIZEREL:STRING=

//Flags used by the archiver during the creation of static libraries
// during RELEASE builds.
CMAKE_STATIC_LINKER_FLAGS_RELEASE:STRING=

//Flags used by the archiver during the creation of static libraries
// during RELWITHDEBINFO builds.
CMAKE_STATIC_LINKER_FLAGS_RELWITHDEBINFO:STRING=

//Path to a program.
CMAKE_STRIP:FILEPATH=/usr/bin/strip

//Path to a program.
CMAKE_TAPI:FILEPATH=CMAKE_TAPI-NOTFOUND

//If this value is on, makefiles will be generated without the
// .SILENT directive, and all commands will be echoed to the console
// during the make.  This is useful for debugging only. With Visual
// Studio IDE projects all commands are done without /nologo.
CMAKE_VERBOSE_MAKEFILE:BOOL=FALSE

//Path to the coverage program that CTest uses for performing coverage
// inspection
COVERAGE_COMMAND:FILEPATH=/usr/bin/gcov

//Extra command line flags to pass to the coverage tool
COVERAGE_EXTRA_FLAGS:STRING=-l

//How many times to retry timed-out CTest submissions.
CTEST_SUBMIT_RETRY_COUNT:STRING=3

//How long to wait between timed-out CTest submissions.
CTEST_SUBMIT_RETRY_DELAY:STRING=5

//Set timeout in seconds for every single test
DART_TESTING_TIMEOUT:STRING=1500

//Value Computed by CMake
DIRAC_BINARY_DIR:STATIC=/builds/gfaym/dirac/build-openmpi64-opt

//Value Computed by CMake
DIRAC_IS_TOP_LEVEL:STATIC=ON

//Value Computed by CMake
DIRAC_SOURCE_DIR:STATIC=/builds/gfaym/dirac

//Dot tool for use with Doxygen
DOXYGEN_DOT_EXECUTABLE:FILEPATH=DOXYGEN_DOT_EXECUTABLE-NOTFOUND

//Doxygen documentation generation tool (https://www.doxygen.nl)
DOXYGEN_EXECUTABLE:FILEPATH=DOXYGEN_EXECUTABLE-NOTFOUND

//Enable 64-bit integers
ENABLE_64BIT_INTEGERS:BOOL=True

//No help, variable specified on the command line.
ENABLE_BLAS:UNINITIALIZED=off

//Enable builtin BLAS implementation (slow)
ENABLE_BUILTIN_BLAS:BOOL=OFF

//Enable builtin LAPACK implementation (slow)
ENABLE_BUILTIN_LAPACK:BOOL=OFF

//Enable code coverage
ENABLE_CODE_COVERAGE:BOOL=False

//ESR property module
ENABLE_ESR:BOOL=ON

//Enable ExaTENSOR library
ENABLE_EXATENSOR:BOOL=OFF

//Enable Gen1Int library
ENABLE_GEN1INT:BOOL=ON

//Enable HDF5
ENABLE_HDF5:BOOL=ON

//KRCC module
ENABLE_KRCC:BOOL=ON

//LAO properties without connection matrices
ENABLE_LAO_REARRANGED:BOOL=ON

//No help, variable specified on the command line.
ENABLE_LAPACK:UNINITIALIZED=off

//Enable LAPACK diagonalization of real matrices
ENABLE_LAPACK_QDIAG:BOOL=OFF

//Enable checking of math libs integer size compatibility
ENABLE_MATH_INT_TEST:BOOL=ON

//Log interesting matrices in matlab format (very verbose!)
ENABLE_MATLAB_LOG:BOOL=OFF

//Spinfree MCSCF module
ENABLE_MCSCF_spinfree:BOOL=ON

//Enable MPI parallelization
ENABLE_MPI:BOOL=True

//Enable static linking with older linkers
ENABLE_OLD_LINKER:BOOL=OFF

//Enable OpenMP parallelization
ENABLE_OPENMP:BOOL=True

//Enable OpenRSP
ENABLE_OPENRSP:BOOL=OFF

//Enable Polarizable Continuum Model through PCMSolver
ENABLE_PCMSOLVER:BOOL=OFF

//Enable polarizabile embedding library
ENABLE_PELIB:BOOL=OFF

//Enable profiling
ENABLE_PROFILING:BOOL=False

//Enable standalone RELCCSD
ENABLE_RELCCSD_STANDALONE:BOOL=OFF

//Enable run-time checking
ENABLE_RUNTIMECHECK:BOOL=False

//srDFT module
ENABLE_SRDFT:BOOL=ON

//Enable static libraries linking
ENABLE_STATIC_LINKING:BOOL=False

//Enable stieltjes library
ENABLE_STIELTJES:BOOL=OFF

//Enable tutorials within the test suite
ENABLE_TUTORIALS:BOOL=OFF

//Enable unit tests
ENABLE_UNIT_TESTS:BOOL=OFF

//Enable utilities
ENABLE_UTILITIES:BOOL=ON

//(e)amf 2-electron scalar and spin-orbit picture-change correction
// module
ENABLE_XAMFI:BOOL=ON

//Enable XCFun library
ENABLE_XCFUN:BOOL=ON

//No help, variable specified on the command line.
EXPLICIT_LIBS:UNINITIALIZED=-L/opt/openblas64/lib -lopenblas

//No help, variable specified on the command line.
EXTRA_CFLAGS:UNINITIALIZED=-O3 -march=native

//No help, variable specified on the command line.
EXTRA_CXXFLAGS:UNINITIALIZED=-O3 -march=native

//No help, variable specified on the command line.
EXTRA_FCFLAGS:UNINITIALIZED=-O3 -march=native

//Path to a program.
GITCOMMAND:FILEPATH=/usr/bin/git

//Value Computed by CMake
Gen1Int_BINARY_DIR:STATIC=/builds/gfaym/dirac/build-openmpi64-opt/src/gen1int/subtree

//Value Computed by CMake
Gen1Int_IS_TOP_LEVEL:STATIC=OFF

//Value Computed by CMake
Gen1Int_SOURCE_DIR:STATIC=/builds/gfaym/dirac/src/gen1int/subtree

//HDF5 C Wrapper compiler.  Used only to detect HDF5 compile flags.
HDF5_C_COMPILER_EXECUTABLE:FILEPATH=/usr/bin/h5cc

//Path to a library.
HDF5_C_LIBRARY_crypto:FILEPATH=/usr/lib/x86_64-linux-gnu/libcrypto.so

//Path to a library.
HDF5_C_LIBRARY_curl:FILEPATH=/usr/lib/x86_64-linux-gnu/libcurl.so

//Path to a library.
HDF5_C_LIBRARY_dl:FILEPATH=/usr/lib/x86_64-linux-gnu/libdl.a

//Path to a library.
HDF5_C_LIBRARY_hdf5:FILEPATH=/usr/lib/x86_64-linux-gnu/hdf5/serial/libhdf5.so

//Path to a library.
HDF5_C_LIBRARY_hdf5_hl:FILEPATH=/usr/lib/x86_64-linux-gnu/hdf5/serial/libhdf5_hl.so

//Path to a library.
HDF5_C_LIBRARY_m:FILEPATH=/usr/lib/x86_64-linux-gnu/libm.so

//Path to a library.
HDF5_C_LIBRARY_pthread:FILEPATH=/usr/lib/x86_64-linux-gnu/libpthread.a

//Path to a library.
HDF5_C_LIBRARY_sz:FILEPATH=/usr/lib/x86_64-linux-gnu/libsz.so

//Path to a library.
HDF5_C_LIBRARY_z:FILEPATH=/usr/lib/x86_64-linux-gnu/libz.so

//HDF5 file differencing tool.
HDF5_DIFF_EXECUTABLE:FILEPATH=/usr/bin/h5diff

//The directory containing a CMake configuration file for HDF5.
HDF5_DIR:PATH=HDF5_DIR-NOTFOUND

//LAPACK found
LAPACK_FOUND:BOOL=

//No help, variable specified on the command line.
LAPACK_LANG:UNINITIALIZED=Fortran

//Command to build the project
MAKECOMMAND:STRING=/opt/venv/lib/python3.12/site-packages/cmake/data/bin/cmake --build . --config "${CTEST_CONFIGURATION_TYPE}"

//Math libraries
MATH_LIBS:STRING=

//No help, variable specified on the command line.
MATH_LIB_SEARCH_ORDER:UNINITIALIZED=MKL;ESSL;OPENBLAS;ATLAS;ACML;SYSTEM_NATIVE

//Path to the memory checking command, used for memory error detection.
MEMORYCHECK_COMMAND:FILEPATH=MEMORYCHECK_COMMAND-NOTFOUND

//File that contains suppressions for the memory checker
MEMORYCHECK_SUPPRESSIONS_FILE:FILEPATH=

//No help, variable specified on the command line.
MKL_FLAG:UNINITIALIZED=off

//Executable for running MPI programs.
MPIEXEC_EXECUTABLE:FILEPATH=/openmpi64-long/bin/mpiexec

//Maximum number of processors available to run MPI applications.
MPIEXEC_MAX_NUMPROCS:STRING=4

//Flag used by MPI to specify the number of processes for mpiexec;
// the next option will be the number of processes.
MPIEXEC_NUMPROC_FLAG:STRING=-n

//These flags will be placed after all flags passed to mpiexec.
MPIEXEC_POSTFLAGS:STRING=

//These flags will be directly before the executable that is being
// run by mpiexec.
MPIEXEC_PREFLAGS:STRING=

//MPI CXX additional include directories
MPI_CXX_ADDITIONAL_INCLUDE_DIRS:STRING=

//MPI compiler for CXX
MPI_CXX_COMPILER:FILEPATH=/openmpi64-long/bin/mpicxx

//MPI CXX compiler wrapper include directories
MPI_CXX_COMPILER_INCLUDE_DIRS:STRING=

//MPI CXX compilation definitions
MPI_CXX_COMPILE_DEFINITIONS:STRING=

//MPI CXX compilation flags
MPI_CXX_COMPILE_OPTIONS:STRING=

//MPI CXX linker flags
MPI_CXX_LINK_FLAGS:STRING=

//If true, the MPI-2 C++ bindings are disabled using definitions.
MPI_CXX_SKIP_MPICXX:BOOL=OFF

//MPI C additional include directories
MPI_C_ADDITIONAL_INCLUDE_DIRS:STRING=

//MPI compiler for C
MPI_C_COMPILER:FILEPATH=/openmpi64-long/bin/mpicc

//MPI C compiler wrapper include directories
MPI_C_COMPILER_INCLUDE_DIRS:STRING=

//MPI C compilation definitions
MPI_C_COMPILE_DEFINITIONS:STRING=

//MPI C compilation flags
MPI_C_COMPILE_OPTIONS:STRING=

//MPI C linker flags
MPI_C_LINK_FLAGS:STRING=

//MPI Fortran additional include directories
MPI_Fortran_ADDITIONAL_INCLUDE_DIRS:STRING=

//MPI compiler for Fortran
MPI_Fortran_COMPILER:FILEPATH=/openmpi64-long/bin/mpif90

//MPI Fortran compiler wrapper include directories
MPI_Fortran_COMPILER_INCLUDE_DIRS:STRING=

//MPI Fortran compilation definitions
MPI_Fortran_COMPILE_DEFINITIONS:STRING=

//MPI Fortran compilation flags
MPI_Fortran_COMPILE_OPTIONS:STRING=

//MPI Fortran linker flags
MPI_Fortran_LINK_FLAGS:STRING=

//CXX compiler flags for OpenMP parallelization
OpenMP_CXX_FLAGS:STRING=-fopenmp

//CXX compiler libraries for OpenMP parallelization
OpenMP_CXX_LIB_NAMES:STRING=gomp;pthread

//C compiler flags for OpenMP parallelization
OpenMP_C_FLAGS:STRING=-fopenmp

//C compiler libraries for OpenMP parallelization
OpenMP_C_LIB_NAMES:STRING=gomp;pthread

//Fortran compiler flags for OpenMP parallelization
OpenMP_Fortran_FLAGS:STRING=-fopenmp

//Fortran compiler libraries for OpenMP parallelization
OpenMP_Fortran_LIB_NAMES:STRING=gomp;pthread

//Path to the gomp library for OpenMP
OpenMP_gomp_LIBRARY:FILEPATH=/usr/lib/gcc/x86_64-linux-gnu/13/libgomp.so

//Path to the pthread library for OpenMP
OpenMP_pthread_LIBRARY:FILEPATH=/usr/lib/x86_64-linux-gnu/libpthread.a

//No help, variable specified on the command line.
PCMSOLVER_ROOT:UNINITIALIZED=

//Arguments to supply to pkg-config
PKG_CONFIG_ARGN:STRING=

//pkg-config executable
PKG_CONFIG_EXECUTABLE:FILEPATH=PKG_CONFIG_EXECUTABLE-NOTFOUND

//No help, variable specified on the command line.
PREPROCESSOR_DEFINITIONS:UNINITIALIZED=

//No help, variable specified on the command line.
PYTHON_INTERPRETER:UNINITIALIZED=

//Name of the computer/site where compile is being run
SITE:STRING=runner-5q3rco021-project-67998188-concurrent-0

//Sphinx documentation generator
SPHINX_EXECUTABLE:FILEPATH=SPHINX_EXECUTABLE-NOTFOUND

//The directory containing a CMake configuration file for Sphinx.
Sphinx_DIR:PATH=Sphinx_DIR-NOTFOUND

//Enable only TALSH component of ExaTENSOR library
TALSH_ONLY:BOOL=OFF

//Work memory in words
WORK_MEM_WORDS:STRING=64000000


########################
# INTERNAL cache entries
########################

//ADVANCED property for variable: CMAKE_ADDR2LINE
CMAKE_ADDR2LINE-ADVANCED:INTERNAL=1
//ADVANCED property for variable: CMAKE_AR
CMAKE_AR-ADVANCED:INTERNAL=1
//This is the directory where this CMakeCache.txt was created
CMAKE_CACHEFILE_DIR:INTERNAL=/builds/gfaym/dirac/build-openmpi64-opt
//Major version of cmake used to create the current loaded cache
CMAKE_CACHE_MAJOR_VERSION:INTERNAL=4
//Minor version of cmake used to create the current loaded cache
CMAKE_CACHE_MINOR_VERSION:INTERNAL=1
//Patch version of cmake used to create the current loaded cache
CMAKE_CACHE_PATCH_VERSION:INTERNAL=2
//ADVANCED property for variable: CMAKE_COLOR_MAKEFILE
CMAKE_COLOR_MAKEFILE-ADVANCED:INTERNAL=1
//Path to CMake executable.
CMAKE_COMMAND:INTERNAL=/opt/venv/lib/python3.12/site-packages/cmake/data/bin/cmake
//Path to cpack program executable.
CMAKE_CPACK_COMMAND:INTERNAL=/opt/venv/lib/python3.12/site-packages/cmake/data/bin/cpack
//ADVANCED property for variable: CMAKE_CTEST_COMMAND
CMAKE_CTEST_COMMAND-ADVANCED:INTERNAL=1
//Path to ctest program executable.
CMAKE_CTEST_COMMAND:INTERNAL=/opt/venv/lib/python3.12/site-packages/cmake/data/bin/ctest
//ADVANCED property for variable: CMAKE_CXX_COMPILER
CMAKE_CXX_COMPILER-ADVANCED:INTERNAL=1
//ADVANCED property for variable: CMAKE_CXX_COMPILER_AR
CMAKE_CXX_COMPILER_AR-ADVANCED:INTERNAL=1
//ADVANCED property for variable: CMAKE_CXX_COMPILER_RANLIB
CMAKE_CXX_COMPILER_RANLIB-ADVANCED:INTERNAL=1
//ADVANCED property for variable: CMAKE_CXX_FLAGS
CMAKE_CXX_FLAGS-ADVANCED:INTERNAL=1
//ADVANCED property for variable: CMAKE_CXX_FLAGS_DEBUG
CMAKE_CXX_FLAGS_DEBUG-ADVANCED:INTERNAL=1
//ADVANCED property for variable: CMAKE_CXX_FLAGS_MINSIZEREL
CMAKE_CXX_FLAGS_MINSIZEREL-ADVANCED:INTERNAL=1
//ADVANCED property for variable: CMAKE_CXX_FLAGS_RELEASE
CMAKE_CXX_FLAGS_RELEASE-ADVANCED:INTERNAL=1
//ADVANCED property for variable: CMAKE_CXX_FLAGS_RELWITHDEBINFO
CMAKE_CXX_FLAGS_RELWITHDEBINFO-ADVANCED:INTERNAL=1
//ADVANCED property for variable: CMAKE_C_COMPILER
CMAKE_C_COMPILER-ADVANCED:INTERNAL=1
//ADVANCED property for variable: CMAKE_C_COMPILER_AR
CMAKE_C_COMPILER_AR-ADVANCED:INTERNAL=1
//ADVANCED property for variable: CMAKE_C_COMPILER_RANLIB
CMAKE_C_COMPILER_RANLIB-ADVANCED:INTERNAL=1
//ADVANCED property for variable: CMAKE_C_FLAGS
CMAKE_C_FLAGS-ADVANCED:INTERNAL=1
//ADVANCED property for variable: CMAKE_C_FLAGS_DEBUG
CMAKE_C_FLAGS_DEBUG-ADVANCED:INTERNAL=1
//ADVANCED property for variable: CMAKE_C_FLAGS_MINSIZEREL
CMAKE_C_FLAGS_MINSIZEREL-ADVANCED:INTERNAL=1
//ADVANCED property for variable: CMAKE_C_FLAGS_RELEASE
CMAKE_C_FLAGS_RELEASE-ADVANCED:INTERNAL=1
//ADVANCED property for variable: CMAKE_C_FLAGS_RELWITHDEBINFO
CMAKE_C_FLAGS_RELWITHDEBINFO-ADVANCED:INTERNAL=1
//ADVANCED property for variable: CMAKE_DLLTOOL
CMAKE_DLLTOOL-ADVANCED:INTERNAL=1
//Executable file format
CMAKE_EXECUTABLE_FORMAT:INTERNAL=ELF
//ADVANCED property for variable: CMAKE_EXE_LINKER_FLAGS
CMAKE_EXE_LINKER_FLAGS-ADVANCED:INTERNAL=1
//ADVANCED property for variable: CMAKE_EXE_LINKER_FLAGS_DEBUG
CMAKE_EXE_LINKER_FLAGS_DEBUG-ADVANCED:INTERNAL=1
//ADVANCED property for variable: CMAKE_EXE_LINKER_FLAGS_MINSIZEREL
CMAKE_EXE_LINKER_FLAGS_MINSIZEREL-ADVANCED:INTERNAL=1
//ADVANCED property for variable: CMAKE_EXE_LINKER_FLAGS_RELEASE
CMAKE_EXE_LINKER_FLAGS_RELEASE-ADVANCED:INTERNAL=1
//ADVANCED property for variable: CMAKE_EXE_LINKER_FLAGS_RELWITHDEBINFO
CMAKE_EXE_LINKER_FLAGS_RELWITHDEBINFO-ADVANCED:INTERNAL=1
//ADVANCED property for variable: CMAKE_EXPORT_COMPILE_COMMANDS
CMAKE_EXPORT_COMPILE_COMMANDS-ADVANCED:INTERNAL=1
//Name of external makefile project generator.
CMAKE_EXTRA_GENERATOR:INTERNAL=
//ADVANCED property for variable: CMAKE_Fortran_COMPILER
CMAKE_Fortran_COMPILER-ADVANCED:INTERNAL=1
//ADVANCED property for variable: CMAKE_Fortran_COMPILER_AR
CMAKE_Fortran_COMPILER_AR-ADVANCED:INTERNAL=1
//ADVANCED property for variable: CMAKE_Fortran_COMPILER_RANLIB
CMAKE_Fortran_COMPILER_RANLIB-ADVANCED:INTERNAL=1
//ADVANCED property for variable: CMAKE_Fortran_FLAGS
CMAKE_Fortran_FLAGS-ADVANCED:INTERNAL=1
//ADVANCED property for variable: CMAKE_Fortran_FLAGS_DEBUG
CMAKE_Fortran_FLAGS_DEBUG-ADVANCED:INTERNAL=1
//ADVANCED property for variable: CMAKE_Fortran_FLAGS_MINSIZEREL
CMAKE_Fortran_FLAGS_MINSIZEREL-ADVANCED:INTERNAL=1
//ADVANCED property for variable: CMAKE_Fortran_FLAGS_RELEASE
CMAKE_Fortran_FLAGS_RELEASE-ADVANCED:INTERNAL=1
//ADVANCED property for variable: CMAKE_Fortran_FLAGS_RELWITHDEBINFO
CMAKE_Fortran_FLAGS_RELWITHDEBINFO-ADVANCED:INTERNAL=1
//Name of generator.
CMAKE_GENERATOR:INTERNAL=Unix Makefiles
//Generator instance identifier.
CMAKE_GENERATOR_INSTANCE:INTERNAL=
//Name of generator platform.
CMAKE_GENERATOR_PLATFORM:INTERNAL=
//Name of generator toolset.
CMAKE_GENERATOR_TOOLSET:INTERNAL=
//Source directory with the top level CMakeLists.txt file for this
// project
CMAKE_HOME_DIRECTORY:INTERNAL=/builds/gfaym/dirac
//Install .so files without execute permission.
CMAKE_INSTALL_SO_NO_EXE:INTERNAL=1
//ADVANCED property for variable: CMAKE_LINKER
CMAKE_LINKER-ADVANCED:INTERNAL=1
//Name of CMakeLists files to read
CMAKE_LIST_FILE_NAME:INTERNAL=CMakeLists.txt
//ADVANCED property for variable: CMAKE_MAKE_PROGRAM
CMAKE_MAKE_PROGRAM-ADVANCED:INTERNAL=1
//ADVANCED property for variable: CMAKE_MODULE_LINKER_FLAGS
CMAKE_MODULE_LINKER_FLAGS-ADVANCED:INTERNAL=1
//ADVANCED property for variable: CMAKE_MODULE_LINKER_FLAGS_DEBUG
CMAKE_MODULE_LINKER_FLAGS_DEBUG-ADVANCED:INTERNAL=1
//ADVANCED property for variable: CMAKE_MODULE_LINKER_FLAGS_MINSIZEREL
CMAKE_MODULE_LINKER_FLAGS_MINSIZEREL-ADVANCED:INTERNAL=1
//ADVANCED property for variable: CMAKE_MODULE_LINKER_FLAGS_RELEASE
CMAKE_MODULE_LINKER_FLAGS_RELEASE-ADVANCED:INTERNAL=1
//ADVANCED property for variable: CMAKE_MODULE_LINKER_FLAGS_RELWITHDEBINFO
CMAKE_MODULE_LINKER_FLAGS_RELWITHDEBINFO-ADVANCED:INTERNAL=1
//ADVANCED property for variable: CMAKE_NM
CMAKE_NM-ADVANCED:INTERNAL=1
//number of local generators
CMAKE_NUMBER_OF_MAKEFILES:INTERNAL=39
//ADVANCED property for variable: CMAKE_OBJCOPY
CMAKE_OBJCOPY-ADVANCED:INTERNAL=1
//ADVANCED property for variable: CMAKE_OBJDUMP
CMAKE_OBJDUMP-ADVANCED:INTERNAL=1
//Platform information initialized
CMAKE_PLATFORM_INFO_INITIALIZED:INTERNAL=1
//ADVANCED property for variable: CMAKE_RANLIB
CMAKE_RANLIB-ADVANCED:INTERNAL=1
//ADVANCED property for variable: CMAKE_READELF
CMAKE_READELF-ADVANCED:INTERNAL=1
//Path to CMake installation.
CMAKE_ROOT:INTERNAL=/opt/venv/lib/python3.12/site-packages/cmake/data/share/cmake-4.1
//ADVANCED property for variable: CMAKE_SHARED_LINKER_FLAGS
CMAKE_SHARED_LINKER_FLAGS-ADVANCED:INTERNAL=1
//ADVANCED property for variable: CMAKE_SHARED_LINKER_FLAGS_DEBUG
CMAKE_SHARED_LINKER_FLAGS_DEBUG-ADVANCED:INTERNAL=1
//ADVANCED property for variable: CMAKE_SHARED_LINKER_FLAGS_MINSIZEREL
CMAKE_SHARED_LINKER_FLAGS_MINSIZEREL-ADVANCED:INTERNAL=1
//ADVANCED property for variable: CMAKE_SHARED_LINKER_FLAGS_RELEASE
CMAKE_SHARED_LINKER_FLAGS_RELEASE-ADVANCED:INTERNAL=1
//ADVANCED property for variable: CMAKE_SHARED_LINKER_FLAGS_RELWITHDEBINFO
CMAKE_SHARED_LINKER_FLAGS_RELWITHDEBINFO-ADVANCED:INTERNAL=1
//ADVANCED property for variable: CMAKE_SKIP_INSTALL_RPATH
CMAKE_SKIP_INSTALL_RPATH-ADVANCED:INTERNAL=1
//ADVANCED property for variable: CMAKE_SKIP_RPATH
CMAKE_SKIP_RPATH-ADVANCED:INTERNAL=1
//ADVANCED property for variable: CMAKE_STATIC_LINKER_FLAGS
CMAKE_STATIC_LINKER_FLAGS-ADVANCED:INTERNAL=1
//ADVANCED property for variable: CMAKE_STATIC_LINKER_FLAGS_DEBUG
CMAKE_STATIC_LINKER_FLAGS_DEBUG-ADVANCED:INTERNAL=1
//ADVANCED property for variable: CMAKE_STATIC_LINKER_FLAGS_MINSIZEREL
CMAKE_STATIC_LINKER_FLAGS_MINSIZEREL-ADVANCED:INTERNAL=1
//ADVANCED property for variable: CMAKE_STATIC_LINKER_FLAGS_RELEASE
CMAKE_STATIC_LINKER_FLAGS_RELEASE-ADVANCED:INTERNAL=1
//ADVANCED property for variable: CMAKE_STATIC_LINKER_FLAGS_RELWITHDEBINFO
CMAKE_STATIC_LINKER_FLAGS_RELWITHDEBINFO-ADVANCED:INTERNAL=1
//ADVANCED property for variable: CMAKE_STRIP
CMAKE_STRIP-ADVANCED:INTERNAL=1
//ADVANCED property for variable: CMAKE_TAPI
CMAKE_TAPI-ADVANCED:INTERNAL=1
//uname command
CMAKE_UNAME:INTERNAL=/usr/bin/uname
//ADVANCED property for variable: CMAKE_VERBOSE_MAKEFILE
CMAKE_VERBOSE_MAKEFILE-ADVANCED:INTERNAL=1
//ADVANCED property for variable: COVERAGE_COMMAND
COVERAGE_COMMAND-ADVANCED:INTERNAL=1
//ADVANCED property for variable: COVERAGE_EXTRA_FLAGS
COVERAGE_EXTRA_FLAGS-ADVANCED:INTERNAL=1
//ADVANCED property for variable: CTEST_SUBMIT_RETRY_COUNT
CTEST_SUBMIT_RETRY_COUNT-ADVANCED:INTERNAL=1
//ADVANCED property for variable: CTEST_SUBMIT_RETRY_DELAY
CTEST_SUBMIT_RETRY_DELAY-ADVANCED:INTERNAL=1
//ADVANCED property for variable: DART_TESTING_TIMEOUT
DART_TESTING_TIMEOUT-ADVANCED:INTERNAL=1
//Flag that the default CXX compiler flags have been set.
DEFAULT_CXX_FLAGS_SET:INTERNAL=ON
//Flag that the default C compiler flags have been set.
DEFAULT_C_FLAGS_SET:INTERNAL=ON
//Flag that the default Fortran compiler flags have been set.
DEFAULT_Fortran_FLAGS_SET:INTERNAL=ON
//ADVANCED property for variable: DOXYGEN_DOT_EXECUTABLE
DOXYGEN_DOT_EXECUTABLE-ADVANCED:INTERNAL=1
//ADVANCED property for variable: DOXYGEN_EXECUTABLE
DOXYGEN_EXECUTABLE-ADVANCED:INTERNAL=1
//Details about finding HDF5
FIND_PACKAGE_MESSAGE_DETAILS_HDF5:INTERNAL=[/usr/lib/x86_64-linux-gnu/hdf5/serial/libhdf5.so;/usr/lib/x86_64-linux-gnu/libcrypto.so;/usr/lib/x86_64-linux-gnu/libcurl.so;/usr/lib/x86_64-linux-gnu/libpthread.a;/usr/lib/x86_64-linux-gnu/libsz.so;/usr/lib/x86_64-linux-gnu/libz.so;/usr/lib/x86_64-linux-gnu/libdl.a;/usr/lib/x86_64-linux-gnu/libm.so][/usr/lib/x86_64-linux-gnu/hdf5/serial/libhdf5_hl.so][found components: C HL ][v1.10.10()]
//Details about finding MPI
FIND_PACKAGE_MESSAGE_DETAILS_MPI:INTERNAL=[TRUE][TRUE][TRUE][ ][v3.1()]
//Details about finding MPI_C
FIND_PACKAGE_MESSAGE_DETAILS_MPI_C:INTERNAL=[/openmpi64-long/bin/mpicc][TRUE][v3.1()]
//Details about finding MPI_CXX
FIND_PACKAGE_MESSAGE_DETAILS_MPI_CXX:INTERNAL=[/openmpi64-long/bin/mpicxx][TRUE][v3.1()]
//Details about finding MPI_Fortran
FIND_PACKAGE_MESSAGE_DETAILS_MPI_Fortran:INTERNAL=[/openmpi64-long/bin/mpif90][TRUE][v3.1()]
//Details about finding OpenMP
FIND_PACKAGE_MESSAGE_DETAILS_OpenMP:INTERNAL=[TRUE][TRUE][TRUE][ ][v4.5()]
//Details about finding OpenMP_C
FIND_PACKAGE_MESSAGE_DETAILS_OpenMP_C:INTERNAL=[-fopenmp][/usr/lib/gcc/x86_64-linux-gnu/13/libgomp.so][/usr/lib/x86_64-linux-gnu/libpthread.a][v4.5()]
//Details about finding OpenMP_CXX
FIND_PACKAGE_MESSAGE_DETAILS_OpenMP_CXX:INTERNAL=[-fopenmp][/usr/lib/gcc/x86_64-linux-gnu/13/libgomp.so][/usr/lib/x86_64-linux-gnu/libpthread.a][v4.5()]
//Details about finding OpenMP_Fortran
FIND_PACKAGE_MESSAGE_DETAILS_OpenMP_Fortran:INTERNAL=[-fopenmp][/usr/lib/gcc/x86_64-linux-gnu/13/libgomp.so][/usr/lib/x86_64-linux-gnu/libpthread.a][v4.5()]
//Details about finding Python
FIND_PACKAGE_MESSAGE_DETAILS_Python:INTERNAL=[/opt/venv/bin/python3.12][found components: Interpreter ][v3.12.3()]
//ADVANCED property for variable: GITCOMMAND
GITCOMMAND-ADVANCED:INTERNAL=1
//ADVANCED property for variable: HDF5_C_COMPILER_EXECUTABLE
HDF5_C_COMPILER_EXECUTABLE-ADVANCED:INTERNAL=1
//Result of TRY_COMPILE
HDF5_C_COMPILER_NO_INTERROGATE:INTERNAL=FALSE
//ADVANCED property for variable: HDF5_DIFF_EXECUTABLE
HDF5_DIFF_EXECUTABLE-ADVANCED:INTERNAL=1
//ADVANCED property for variable: HDF5_DIR
HDF5_DIR-ADVANCED:INTERNAL=1
//ADVANCED property for variable: MAKECOMMAND
MAKECOMMAND-ADVANCED:INTERNAL=1
//ADVANCED property for variable: MEMORYCHECK_COMMAND
MEMORYCHECK_COMMAND-ADVANCED:INTERNAL=1
//ADVANCED property for variable: MEMORYCHECK_SUPPRESSIONS_FILE
MEMORYCHECK_SUPPRESSIONS_FILE-ADVANCED:INTERNAL=1
//ADVANCED property for variable: MPIEXEC_EXECUTABLE
MPIEXEC_EXECUTABLE-ADVANCED:INTERNAL=1
//ADVANCED property for variable: MPIEXEC_MAX_NUMPROCS
MPIEXEC_MAX_NUMPROCS-ADVANCED:INTERNAL=1
//ADVANCED property for variable: MPIEXEC_NUMPROC_FLAG
MPIEXEC_NUMPROC_FLAG-ADVANCED:INTERNAL=1
//ADVANCED property for variable: MPIEXEC_POSTFLAGS
MPIEXEC_POSTFLAGS-ADVANCED:INTERNAL=1
//ADVANCED property for variable: MPIEXEC_PREFLAGS
MPIEXEC_PREFLAGS-ADVANCED:INTERNAL=1
//Test MPI_COMPILER_MATCHES
MPI_COMPILER_MATCHES:INTERNAL=1
//ADVANCED property for variable: MPI_CXX_ADDITIONAL_INCLUDE_DIRS
MPI_CXX_ADDITIONAL_INCLUDE_DIRS-ADVANCED:INTERNAL=1
//ADVANCED property for variable: MPI_CXX_COMPILER
MPI_CXX_COMPILER-ADVANCED:INTERNAL=1
//ADVANCED property for variable: MPI_CXX_COMPILER_INCLUDE_DIRS
MPI_CXX_COMPILER_INCLUDE_DIRS-ADVANCED:INTERNAL=1
//ADVANCED property for variable: MPI_CXX_COMPILE_DEFINITIONS
MPI_CXX_COMPILE_DEFINITIONS-ADVANCED:INTERNAL=1
//ADVANCED property for variable: MPI_CXX_COMPILE_OPTIONS
MPI_CXX_COMPILE_OPTIONS-ADVANCED:INTERNAL=1
//ADVANCED property for variable: MPI_CXX_LINK_FLAGS
MPI_CXX_LINK_FLAGS-ADVANCED:INTERNAL=1
//ADVANCED property for variable: MPI_CXX_SKIP_MPICXX
MPI_CXX_SKIP_MPICXX-ADVANCED:INTERNAL=1
//ADVANCED property for variable: MPI_C_ADDITIONAL_INCLUDE_DIRS
MPI_C_ADDITIONAL_INCLUDE_DIRS-ADVANCED:INTERNAL=1
//ADVANCED property for variable: MPI_C_COMPILER
MPI_C_COMPILER-ADVANCED:INTERNAL=1
//ADVANCED property for variable: MPI_C_COMPILER_INCLUDE_DIRS
MPI_C_COMPILER_INCLUDE_DIRS-ADVANCED:INTERNAL=1
//ADVANCED property for variable: MPI_C_COMPILE_DEFINITIONS
MPI_C_COMPILE_DEFINITIONS-ADVANCED:INTERNAL=1
//ADVANCED property for variable: MPI_C_COMPILE_OPTIONS
MPI_C_COMPILE_OPTIONS-ADVANCED:INTERNAL=1
//ADVANCED property for variable: MPI_C_LINK_FLAGS
MPI_C_LINK_FLAGS-ADVANCED:INTERNAL=1
//ADVANCED property for variable: MPI_Fortran_ADDITIONAL_INCLUDE_DIRS
MPI_Fortran_ADDITIONAL_INCLUDE_DIRS-ADVANCED:INTERNAL=1
//ADVANCED property for variable: MPI_Fortran_COMPILER
MPI_Fortran_COMPILER-ADVANCED:INTERNAL=1
//ADVANCED property for variable: MPI_Fortran_COMPILER_INCLUDE_DIRS
MPI_Fortran_COMPILER_INCLUDE_DIRS-ADVANCED:INTERNAL=1
//ADVANCED property for variable: MPI_Fortran_COMPILE_DEFINITIONS
MPI_Fortran_COMPILE_DEFINITIONS-ADVANCED:INTERNAL=1
//ADVANCED property for variable: MPI_Fortran_COMPILE_OPTIONS
MPI_Fortran_COMPILE_OPTIONS-ADVANCED:INTERNAL=1
//ADVANCED property for variable: MPI_Fortran_LINK_FLAGS
MPI_Fortran_LINK_FLAGS-ADVANCED:INTERNAL=1
//Test MPI_ITYPE_MATCHES
MPI_ITYPE_MATCHES:INTERNAL=1
//Result of TRY_COMPILE
MPI_RESULT_CXX_test_mpi_MPICXX:INTERNAL=TRUE
//Result of TRY_COMPILE
MPI_RESULT_CXX_test_mpi_normal:INTERNAL=TRUE
//Result of TRY_COMPILE
MPI_RESULT_C_test_mpi_normal:INTERNAL=TRUE
//Result of TRY_COMPILE
MPI_RESULT_Fortran_mpiver_F90_MODULE:INTERNAL=TRUE
//Result of TRY_COMPILE
MPI_RESULT_Fortran_test_mpi_F08_MODULE:INTERNAL=FALSE
//Result of TRY_COMPILE
MPI_RESULT_Fortran_test_mpi_F77_HEADER:INTERNAL=TRUE
//Result of TRY_COMPILE
MPI_RESULT_Fortran_test_mpi_F90_MODULE:INTERNAL=TRUE
//Result of TRY_COMPILE
OpenMP_COMPILE_RESULT_CXX_fopenmp:INTERNAL=TRUE
//Result of TRY_COMPILE
OpenMP_COMPILE_RESULT_C_fopenmp:INTERNAL=TRUE
//Result of TRY_COMPILE
OpenMP_COMPILE_RESULT_FortranHeader_fopenmp:INTERNAL=TRUE
//Result of TRY_COMPILE
OpenMP_COMPILE_RESULT_FortranModule_fopenmp:INTERNAL=TRUE
//ADVANCED property for variable: OpenMP_CXX_FLAGS
OpenMP_CXX_FLAGS-ADVANCED:INTERNAL=1
//ADVANCED property for variable: OpenMP_CXX_LIB_NAMES
OpenMP_CXX_LIB_NAMES-ADVANCED:INTERNAL=1
//CXX compiler's OpenMP specification date
OpenMP_CXX_SPEC_DATE:INTERNAL=201511
//ADVANCED property for variable: OpenMP_C_FLAGS
OpenMP_C_FLAGS-ADVANCED:INTERNAL=1
//ADVANCED property for variable: OpenMP_C_LIB_NAMES
OpenMP_C_LIB_NAMES-ADVANCED:INTERNAL=1
//C compiler's OpenMP specification date
OpenMP_C_SPEC_DATE:INTERNAL=201511
//ADVANCED property for variable: OpenMP_Fortran_FLAGS
OpenMP_Fortran_FLAGS-ADVANCED:INTERNAL=1
//ADVANCED property for variable: OpenMP_Fortran_LIB_NAMES
OpenMP_Fortran_LIB_NAMES-ADVANCED:INTERNAL=1
//Fortran compiler's OpenMP specification date
OpenMP_Fortran_SPEC_DATE:INTERNAL=201511
//Result of TRY_COMPILE
OpenMP_SPECTEST_CXX_:INTERNAL=TRUE
//Result of TRY_COMPILE
OpenMP_SPECTEST_C_:INTERNAL=TRUE
//Result of TRY_COMPILE
OpenMP_SPECTEST_Fortran_:INTERNAL=TRUE
//ADVANCED property for variable: OpenMP_gomp_LIBRARY
OpenMP_gomp_LIBRARY-ADVANCED:INTERNAL=1
//ADVANCED property for variable: OpenMP_pthread_LIBRARY
OpenMP_pthread_LIBRARY-ADVANCED:INTERNAL=1
//ADVANCED property for variable: PKG_CONFIG_ARGN
PKG_CONFIG_ARGN-ADVANCED:INTERNAL=1
//ADVANCED property for variable: PKG_CONFIG_EXECUTABLE
PKG_CONFIG_EXECUTABLE-ADVANCED:INTERNAL=1
//ADVANCED property for variable: SITE
SITE-ADVANCED:INTERNAL=1
//ADVANCED property for variable: SPHINX_EXECUTABLE
SPHINX_EXECUTABLE-ADVANCED:INTERNAL=1
//Compiler reason failure
_Python_Compiler_REASON_FAILURE:INTERNAL=
//Development reason failure
_Python_Development_REASON_FAILURE:INTERNAL=
_Python_EXECUTABLE:INTERNAL=/opt/venv/bin/python3.12
//Python Properties
_Python_INTERPRETER_PROPERTIES:INTERNAL=Python;3;12;3;64;32;<none>;cpython-312-x86_64-linux-gnu;abi3;/usr/lib/python3.12;/opt/venv/lib/python3.12;/opt/venv/lib/python3.12/site-packages;/opt/venv/lib/python3.12/site-packages
_Python_INTERPRETER_SIGNATURE:INTERNAL=383de6bb6b1a6f47d1f0db53a1602b1c
//NumPy reason failure
_Python_NumPy_REASON_FAILURE:INTERNAL=
//Test blas_test_compiled
blas_test_compiled:INTERNAL=1
//Test blas_test_run
blas_test_run:INTERNAL=
//Result of TRY_COMPILE
blas_test_run_COMPILED:INTERNAL=TRUE
//Result of try_run()
blas_test_run_EXITCODE:INTERNAL=FAILED_TO_RUN

